<?xml version="1.0" encoding="UTF-8"?>
<testng-results ignored="0" total="1" passed="1" failed="0" skipped="0">
  <reporter-output>
  </reporter-output>
  <suite started-at="2023-04-18T14:48:29Z" name="Surefire suite" finished-at="2023-04-18T14:48:37Z" duration-ms="8351">
    <groups>
    </groups>
    <test started-at="2023-04-18T14:48:29Z" name="Surefire test" finished-at="2023-04-18T14:48:37Z" duration-ms="8351">
      <class name="TestClassPackage.TestLoginPage">
        <test-method is-config="true" signature="testlounchBrowser()[pri:0, instance:TestClassPackage.TestLoginPage@436813f3]" started-at="2023-04-18T20:18:29Z" name="testlounchBrowser" finished-at="2023-04-18T20:18:37Z" duration-ms="8042" status="PASS">
          <reporter-output>
          </reporter-output>
        </test-method> <!-- testlounchBrowser -->
        <test-method signature="testValidateTitle()[pri:1, instance:TestClassPackage.TestLoginPage@436813f3]" started-at="2023-04-18T20:18:37Z" name="testValidateTitle" finished-at="2023-04-18T20:18:37Z" duration-ms="12" status="PASS">
          <reporter-output>
          </reporter-output>
        </test-method> <!-- testValidateTitle -->
        <test-method is-config="true" signature="closeBrowser()[pri:0, instance:TestClassPackage.TestLoginPage@436813f3]" started-at="2023-04-18T20:18:37Z" name="closeBrowser" finished-at="2023-04-18T20:18:37Z" duration-ms="274" status="PASS">
          <reporter-output>
          </reporter-output>
        </test-method> <!-- closeBrowser -->
      </class> <!-- TestClassPackage.TestLoginPage -->
    </test> <!-- Surefire test -->
  </suite> <!-- Surefire suite -->
</testng-results>
